<?xml version="1.0" encoding="UTF-8"?>
<!-- Generated by org.testng.reporters.JUnitXMLReporter -->
<testsuite ignored="0" hostname="DESKTOP-KA962M4" failures="0" tests="5" name="Default test" time="0.395" errors="0" timestamp="2024-04-04T07:12:22 IST">
  <testcase classname="testNG.Class3" name="LoginAPICarLoan" time="0.014"/>
  <testcase classname="testNG.Class3" name="MobileLoginCarLoan" time="0.024"/>
  <testcase classname="testNG.Class3" name="MobileSignInCarLoan" time="0.006"/>
  <testcase classname="testNG.Class3" name="MobileSignOutinCarLoan" time="0.007"/>
  <testcase classname="testNG.Class3" name="WebLoginCarLoan" time="0.01"/>
</testsuite> <!-- Default test -->
