<?xml version="1.0" encoding="UTF-8"?>
<!-- Generated by org.testng.reporters.JUnitXMLReporter -->
<testsuite ignored="3" hostname="DESKTOP-KA962M4" failures="0" tests="2" name="Car Loan" time="0.043" errors="0" timestamp="2023-07-08T10:59:57 IST">
  <testcase classname="testNG.Class3" name="LoginAPICarLoan" time="0.009"/>
  <testcase classname="testNG.Class3" name="WebLoginCarLoan" time="0.008"/>
  <testcase classname="testNG.Class3" name="MobileSignInCarLoan" time="0.0">
    <ignored/>
  </testcase> <!-- MobileSignInCarLoan -->
  <testcase classname="testNG.Class3" name="MobileSignOutinCarLoan" time="0.0">
    <ignored/>
  </testcase> <!-- MobileSignOutinCarLoan -->
  <testcase classname="testNG.Class3" name="MobileLoginCarLoan" time="0.0">
    <ignored/>
  </testcase> <!-- MobileLoginCarLoan -->
</testsuite> <!-- Car Loan -->
