<?xml version="1.0" encoding="UTF-8"?>
<!-- Generated by org.testng.reporters.JUnitXMLReporter -->
<testsuite ignored="2" hostname="DESKTOP-KA962M4" failures="0" tests="1" name="Home Loan" time="0.02" errors="0" timestamp="2023-07-08T10:59:57 IST">
  <testcase classname="testNG.Class4" name="LoginAPIHomeLoan" time="0.005"/>
  <testcase classname="testNG.Class4" name="MobileLoginHomeLoan" time="0.0">
    <ignored/>
  </testcase> <!-- MobileLoginHomeLoan -->
  <testcase classname="testNG.Class4" name="WebLoginHomeLoan" time="0.0">
    <ignored/>
  </testcase> <!-- WebLoginHomeLoan -->
</testsuite> <!-- Home Loan -->
