<?xml version="1.0" encoding="UTF-8"?>
<!-- Generated by org.testng.reporters.JUnitXMLReporter -->
<testsuite ignored="8" hostname="DESKTOP-KA962M4" failures="0" tests="3" name="Regression" time="0.186" errors="0" timestamp="2023-07-08T19:26:20 IST">
  <testcase classname="testNG.Class1" name="Demo" time="0.02"/>
  <testcase classname="testNG.Class2" name="Demoo" time="0.006"/>
  <testcase classname="testNG.Class3" name="MobileSignInCarLoan" time="0.003"/>
  <testcase classname="testNG.Class3" name="MobileLoginCarLoan" time="0.0">
    <ignored/>
  </testcase> <!-- MobileLoginCarLoan -->
  <testcase classname="testNG.Class4" name="WebLoginHomeLoan" time="0.0">
    <ignored/>
  </testcase> <!-- WebLoginHomeLoan -->
  <testcase classname="testNG.Class3" name="LoginAPICarLoan" time="0.0">
    <ignored/>
  </testcase> <!-- LoginAPICarLoan -->
  <testcase classname="testNG.Class3" name="MobileSignOutinCarLoan" time="0.0">
    <ignored/>
  </testcase> <!-- MobileSignOutinCarLoan -->
  <testcase classname="testNG.Class4" name="LoginAPIHomeLoan" time="0.0">
    <ignored/>
  </testcase> <!-- LoginAPIHomeLoan -->
  <testcase classname="testNG.Class1" name="DemoMethod" time="0.0">
    <ignored/>
  </testcase> <!-- DemoMethod -->
  <testcase classname="testNG.Class4" name="MobileLoginHomeLoan" time="0.0">
    <ignored/>
  </testcase> <!-- MobileLoginHomeLoan -->
  <testcase classname="testNG.Class3" name="WebLoginCarLoan" time="0.0">
    <ignored/>
  </testcase> <!-- WebLoginCarLoan -->
</testsuite> <!-- Regression -->
