<?xml version="1.0" encoding="UTF-8"?>
<testng-results ignored="0" total="5" passed="5" failed="0" skipped="0">
  <reporter-output>
  </reporter-output>
  <suite started-at="2024-04-04T07:12:22 IST" name="Default suite" finished-at="2024-04-04T07:12:22 IST" duration-ms="395">
    <groups>
      <group name="Smoke">
        <method signature="Class3.MobileSignInCarLoan()[pri:0, instance:testNG.Class3@4ba302e0]" name="MobileSignInCarLoan" class="testNG.Class3"/>
      </group> <!-- Smoke -->
    </groups>
    <test started-at="2024-04-04T07:12:22 IST" name="Default test" finished-at="2024-04-04T07:12:22 IST" duration-ms="395">
      <class name="testNG.Class3">
        <test-method is-config="true" signature="BeforeEvery()[pri:0, instance:testNG.Class3@4ba302e0]" started-at="2024-04-04T07:12:22 IST" name="BeforeEvery" finished-at="2024-04-04T07:12:22 IST" duration-ms="77" status="PASS">
          <reporter-output>
          </reporter-output>
        </test-method> <!-- BeforeEvery -->
        <test-method signature="LoginAPICarLoan()[pri:0, instance:testNG.Class3@4ba302e0]" started-at="2024-04-04T07:12:22 IST" name="LoginAPICarLoan" finished-at="2024-04-04T07:12:22 IST" duration-ms="14" status="PASS">
          <reporter-output>
          </reporter-output>
        </test-method> <!-- LoginAPICarLoan -->
        <test-method is-config="true" signature="BeforeEvery()[pri:0, instance:testNG.Class3@4ba302e0]" started-at="2024-04-04T07:12:22 IST" name="BeforeEvery" finished-at="2024-04-04T07:12:22 IST" duration-ms="2" status="PASS">
          <reporter-output>
          </reporter-output>
        </test-method> <!-- BeforeEvery -->
        <test-method signature="MobileLoginCarLoan()[pri:0, instance:testNG.Class3@4ba302e0]" started-at="2024-04-04T07:12:22 IST" name="MobileLoginCarLoan" finished-at="2024-04-04T07:12:22 IST" duration-ms="24" status="PASS">
          <reporter-output>
          </reporter-output>
        </test-method> <!-- MobileLoginCarLoan -->
        <test-method is-config="true" signature="BeforeEvery()[pri:0, instance:testNG.Class3@4ba302e0]" started-at="2024-04-04T07:12:22 IST" name="BeforeEvery" finished-at="2024-04-04T07:12:22 IST" duration-ms="2" status="PASS">
          <reporter-output>
          </reporter-output>
        </test-method> <!-- BeforeEvery -->
        <test-method signature="MobileSignInCarLoan()[pri:0, instance:testNG.Class3@4ba302e0]" started-at="2024-04-04T07:12:22 IST" name="MobileSignInCarLoan" finished-at="2024-04-04T07:12:22 IST" duration-ms="6" status="PASS">
          <reporter-output>
          </reporter-output>
        </test-method> <!-- MobileSignInCarLoan -->
        <test-method is-config="true" signature="BeforeEvery()[pri:0, instance:testNG.Class3@4ba302e0]" started-at="2024-04-04T07:12:22 IST" name="BeforeEvery" finished-at="2024-04-04T07:12:22 IST" duration-ms="3" status="PASS">
          <reporter-output>
          </reporter-output>
        </test-method> <!-- BeforeEvery -->
        <test-method signature="MobileSignOutinCarLoan()[pri:0, instance:testNG.Class3@4ba302e0]" started-at="2024-04-04T07:12:22 IST" name="MobileSignOutinCarLoan" finished-at="2024-04-04T07:12:22 IST" duration-ms="7" status="PASS">
          <reporter-output>
          </reporter-output>
        </test-method> <!-- MobileSignOutinCarLoan -->
        <test-method is-config="true" signature="BeforeEvery()[pri:0, instance:testNG.Class3@4ba302e0]" started-at="2024-04-04T07:12:22 IST" name="BeforeEvery" finished-at="2024-04-04T07:12:22 IST" duration-ms="3" status="PASS">
          <reporter-output>
          </reporter-output>
        </test-method> <!-- BeforeEvery -->
        <test-method signature="WebLoginCarLoan()[pri:0, instance:testNG.Class3@4ba302e0]" started-at="2024-04-04T07:12:22 IST" name="WebLoginCarLoan" finished-at="2024-04-04T07:12:22 IST" duration-ms="10" status="PASS">
          <reporter-output>
          </reporter-output>
        </test-method> <!-- WebLoginCarLoan -->
      </class> <!-- testNG.Class3 -->
    </test> <!-- Default test -->
  </suite> <!-- Default suite -->
</testng-results>
